=== SCRAPER HOST ===
PID: 121309
[1771712882] Starting
[1771712882] SENT: {"status":"registered","browser":"brave"}
[1771712882] Socket ready: /tmp/scraper.sock
[1771712907] SENT: {"command":"pong","timestamp":1771712907}
[1771712932] SENT: {"command":"pong","timestamp":1771712932}
[1771712957] SENT: {"command":"pong","timestamp":1771712957}
[1771712982] SENT: {"command":"pong","timestamp":1771712982}
[1771712999] CLI connected
[1771712999] SENT: {"command":"navigate","url":"https://books.toscrape.com/"}
[1771712999] CLI client disconnected
[1771713000] UNKNOWN: {"type":"nav_started","url":"https://books.toscrape.com/","domain":"books.toscrape.com","tabId":1519994509,"timestamp":1771713000002}
[1771713000] 🔬 DEBUGGER attached
[1771713000] 📦 BODY https://books.toscrape.com/static/oscar/js/jquery/jquery-1.9.1.min.js
[1771713002] 🗺️  DOM MAP books.toscrape.com → https://books.toscrape.com/
[1771713007] SENT: {"command":"pong","timestamp":1771713007}
[1771713032] SENT: {"command":"pong","timestamp":1771713032}
[1771713057] SENT: {"command":"pong","timestamp":1771713057}
[1771713082] SENT: {"command":"pong","timestamp":1771713082}
[1771713107] SENT: {"command":"pong","timestamp":1771713107}
[1771713132] SENT: {"command":"pong","timestamp":1771713132}
[1771713157] SENT: {"command":"pong","timestamp":1771713157}
[1771713182] SENT: {"command":"pong","timestamp":1771713182}
[1771713207] SENT: {"command":"pong","timestamp":1771713207}
[1771713232] SENT: {"command":"pong","timestamp":1771713232}
[1771713257] SENT: {"command":"pong","timestamp":1771713257}
[1771713282] SENT: {"command":"pong","timestamp":1771713282}
[1771713307] SENT: {"command":"pong","timestamp":1771713307}
[1771713332] SENT: {"command":"pong","timestamp":1771713332}
[1771713357] SENT: {"command":"pong","timestamp":1771713357}
[1771713382] SENT: {"command":"pong","timestamp":1771713382}
[1771713407] SENT: {"command":"pong","timestamp":1771713407}
[1771713432] SENT: {"command":"pong","timestamp":1771713432}
[1771713457] SENT: {"command":"pong","timestamp":1771713457}
[1771713482] SENT: {"command":"pong","timestamp":1771713482}
[1771713507] SENT: {"command":"pong","timestamp":1771713507}
[1771713532] SENT: {"command":"pong","timestamp":1771713532}
[1771713557] SENT: {"command":"pong","timestamp":1771713557}
[1771713582] SENT: {"command":"pong","timestamp":1771713582}
[1771713607] SENT: {"command":"pong","timestamp":1771713607}
[1771713632] SENT: {"command":"pong","timestamp":1771713632}
[1771713657] SENT: {"command":"pong","timestamp":1771713657}
[1771713682] SENT: {"command":"pong","timestamp":1771713682}
[1771713707] SENT: {"command":"pong","timestamp":1771713707}
[1771713732] SENT: {"command":"pong","timestamp":1771713732}
[1771713757] SENT: {"command":"pong","timestamp":1771713757}
[1771713782] SENT: {"command":"pong","timestamp":1771713782}
[1771713807] SENT: {"command":"pong","timestamp":1771713807}
[1771713832] SENT: {"command":"pong","timestamp":1771713832}
[1771713857] SENT: {"command":"pong","timestamp":1771713857}
[1771713882] SENT: {"command":"pong","timestamp":1771713882}
[1771713907] SENT: {"command":"pong","timestamp":1771713907}
[1771713932] SENT: {"command":"pong","timestamp":1771713932}
[1771713957] SENT: {"command":"pong","timestamp":1771713957}
[1771713982] SENT: {"command":"pong","timestamp":1771713982}
[1771714007] SENT: {"command":"pong","timestamp":1771714007}
[1771714032] SENT: {"command":"pong","timestamp":1771714032}
[1771714057] SENT: {"command":"pong","timestamp":1771714057}
[1771714082] SENT: {"command":"pong","timestamp":1771714082}
[1771714107] SENT: {"command":"pong","timestamp":1771714107}
[1771714132] SENT: {"command":"pong","timestamp":1771714132}
[1771714157] SENT: {"command":"pong","timestamp":1771714157}
[1771714182] SENT: {"command":"pong","timestamp":1771714182}
[1771714207] SENT: {"command":"pong","timestamp":1771714207}
[1771714232] SENT: {"command":"pong","timestamp":1771714232}
[1771714257] SENT: {"command":"pong","timestamp":1771714257}
[1771714282] SENT: {"command":"pong","timestamp":1771714282}
[1771714307] SENT: {"command":"pong","timestamp":1771714307}
[1771714332] SENT: {"command":"pong","timestamp":1771714332}
[1771714357] SENT: {"command":"pong","timestamp":1771714357}
[1771714382] SENT: {"command":"pong","timestamp":1771714382}
[1771714407] SENT: {"command":"pong","timestamp":1771714407}
[1771714432] SENT: {"command":"pong","timestamp":1771714432}
[1771714457] SENT: {"command":"pong","timestamp":1771714457}
[1771714482] SENT: {"command":"pong","timestamp":1771714482}
[1771714507] SENT: {"command":"pong","timestamp":1771714507}
[1771714532] SENT: {"command":"pong","timestamp":1771714532}
[1771714557] SENT: {"command":"pong","timestamp":1771714557}
[1771714582] SENT: {"command":"pong","timestamp":1771714582}
[1771714607] SENT: {"command":"pong","timestamp":1771714607}
[1771714632] SENT: {"command":"pong","timestamp":1771714632}
[1771714657] SENT: {"command":"pong","timestamp":1771714657}
[1771714682] SENT: {"command":"pong","timestamp":1771714682}
[1771714707] SENT: {"command":"pong","timestamp":1771714707}
[1771714732] SENT: {"command":"pong","timestamp":1771714732}
[1771714757] SENT: {"command":"pong","timestamp":1771714757}
[1771714782] SENT: {"command":"pong","timestamp":1771714782}
[1771714807] SENT: {"command":"pong","timestamp":1771714807}
[1771714832] SENT: {"command":"pong","timestamp":1771714832}
[1771714857] SENT: {"command":"pong","timestamp":1771714857}
[1771714882] SENT: {"command":"pong","timestamp":1771714882}
[1771714907] SENT: {"command":"pong","timestamp":1771714907}
[1771714932] SENT: {"command":"pong","timestamp":1771714932}
[1771714957] SENT: {"command":"pong","timestamp":1771714957}
[1771714982] SENT: {"command":"pong","timestamp":1771714982}
[1771715007] SENT: {"command":"pong","timestamp":1771715007}
[1771715032] SENT: {"command":"pong","timestamp":1771715032}
[1771715057] SENT: {"command":"pong","timestamp":1771715057}
[1771715082] SENT: {"command":"pong","timestamp":1771715082}
[1771715107] SENT: {"command":"pong","timestamp":1771715107}
[1771715132] SENT: {"command":"pong","timestamp":1771715132}
[1771715157] SENT: {"command":"pong","timestamp":1771715157}
[1771715182] SENT: {"command":"pong","timestamp":1771715182}
[1771715207] SENT: {"command":"pong","timestamp":1771715207}
[1771715232] SENT: {"command":"pong","timestamp":1771715232}
[1771715257] SENT: {"command":"pong","timestamp":1771715257}
[1771715282] SENT: {"command":"pong","timestamp":1771715282}
[1771715307] SENT: {"command":"pong","timestamp":1771715307}
[1771715332] SENT: {"command":"pong","timestamp":1771715332}
[1771715357] SENT: {"command":"pong","timestamp":1771715357}
[1771715382] SENT: {"command":"pong","timestamp":1771715382}
[1771715407] SENT: {"command":"pong","timestamp":1771715407}
[1771715432] SENT: {"command":"pong","timestamp":1771715432}
[1771715457] SENT: {"command":"pong","timestamp":1771715457}
[1771715482] SENT: {"command":"pong","timestamp":1771715482}
[1771715507] SENT: {"command":"pong","timestamp":1771715507}
[1771715532] SENT: {"command":"pong","timestamp":1771715532}
[1771715557] SENT: {"command":"pong","timestamp":1771715557}
[1771715582] SENT: {"command":"pong","timestamp":1771715582}
[1771715607] SENT: {"command":"pong","timestamp":1771715607}
[1771715632] SENT: {"command":"pong","timestamp":1771715632}
[1771715657] SENT: {"command":"pong","timestamp":1771715657}
[1771715682] SENT: {"command":"pong","timestamp":1771715682}
[1771715707] SENT: {"command":"pong","timestamp":1771715707}
[1771715732] SENT: {"command":"pong","timestamp":1771715732}
[1771715757] SENT: {"command":"pong","timestamp":1771715757}
[1771715782] SENT: {"command":"pong","timestamp":1771715782}
[1771715807] SENT: {"command":"pong","timestamp":1771715807}
[1771715832] SENT: {"command":"pong","timestamp":1771715832}
[1771715857] SENT: {"command":"pong","timestamp":1771715857}
[1771715882] SENT: {"command":"pong","timestamp":1771715882}
[1771715907] SENT: {"command":"pong","timestamp":1771715907}
[1771715932] SENT: {"command":"pong","timestamp":1771715932}
[1771715957] SENT: {"command":"pong","timestamp":1771715957}
[1771715982] SENT: {"command":"pong","timestamp":1771715982}
[1771716007] SENT: {"command":"pong","timestamp":1771716007}
[1771716032] SENT: {"command":"pong","timestamp":1771716032}
[1771716057] SENT: {"command":"pong","timestamp":1771716057}
[1771716082] SENT: {"command":"pong","timestamp":1771716082}
[1771716107] SENT: {"command":"pong","timestamp":1771716107}
[1771716132] SENT: {"command":"pong","timestamp":1771716132}
[1771716157] SENT: {"command":"pong","timestamp":1771716157}
[1771716182] SENT: {"command":"pong","timestamp":1771716182}
[1771716207] SENT: {"command":"pong","timestamp":1771716207}
[1771716232] SENT: {"command":"pong","timestamp":1771716232}
[1771716257] SENT: {"command":"pong","timestamp":1771716257}
[1771716311] SENT: {"command":"pong","timestamp":1771716311}
[1771716313] SENT: {"command":"pong","timestamp":1771716313}
[1771716382] SENT: {"command":"pong","timestamp":1771716382}
[1771716393] SENT: {"command":"pong","timestamp":1771716393}
[1771716394] SENT: {"command":"pong","timestamp":1771716394}
[1771716407] SENT: {"command":"pong","timestamp":1771716407}
[1771716437] SENT: {"command":"pong","timestamp":1771716437}
[1771716458] SENT: {"command":"pong","timestamp":1771716458}
[1771716500] SENT: {"command":"pong","timestamp":1771716500}
[1771716508] SENT: {"command":"pong","timestamp":1771716508}
[1771718899] SENT: {"command":"pong","timestamp":1771718898}
[1771721213] SENT: {"command":"pong","timestamp":1771721213}
[1771721215] SENT: {"command":"pong","timestamp":1771721215}
[1771721215] SENT: {"command":"pong","timestamp":1771721215}
[1771721215] SENT: {"command":"pong","timestamp":1771721215}
[1771721215] SENT: {"command":"pong","timestamp":1771721215}
[1771721215] SENT: {"command":"pong","timestamp":1771721215}
[1771721215] SENT: {"command":"pong","timestamp":1771721215}
[1771721215] SENT: {"command":"pong","timestamp":1771721215}
[1771721215] SENT: {"command":"pong","timestamp":1771721215}
[1771721215] SENT: {"command":"pong","timestamp":1771721215}
[1771721215] SENT: {"command":"pong","timestamp":1771721215}
[1771721215] SENT: {"command":"pong","timestamp":1771721215}
[1771721215] SENT: {"command":"pong","timestamp":1771721215}
[1771721215] SENT: {"command":"pong","timestamp":1771721215}
[1771721215] SENT: {"command":"pong","timestamp":1771721215}
[1771721215] SENT: {"command":"pong","timestamp":1771721215}
[1771721215] SENT: {"command":"pong","timestamp":1771721215}
[1771721215] SENT: {"command":"pong","timestamp":1771721215}
[1771721215] SENT: {"command":"pong","timestamp":1771721215}
[1771721215] SENT: {"command":"pong","timestamp":1771721215}
[1771721331] SENT: {"command":"pong","timestamp":1771721331}
[1771721331] SENT: {"command":"pong","timestamp":1771721331}
[1771721331] SENT: {"command":"pong","timestamp":1771721331}
[1771721331] SENT: {"command":"pong","timestamp":1771721331}
[1771721331] SENT: {"command":"pong","timestamp":1771721331}
[1771721331] SENT: {"command":"pong","timestamp":1771721331}
[1771721331] SENT: {"command":"pong","timestamp":1771721331}
[1771721331] SENT: {"command":"pong","timestamp":1771721331}
[1771721331] SENT: {"command":"pong","timestamp":1771721331}
[1771721331] SENT: {"command":"pong","timestamp":1771721331}
[1771721331] SENT: {"command":"pong","timestamp":1771721331}
[1771721331] SENT: {"command":"pong","timestamp":1771721331}
[1771721331] SENT: {"command":"pong","timestamp":1771721331}
[1771721331] SENT: {"command":"pong","timestamp":1771721331}
[1771721331] SENT: {"command":"pong","timestamp":1771721331}
[1771721331] SENT: {"command":"pong","timestamp":1771721331}
[1771721331] SENT: {"command":"pong","timestamp":1771721331}
[1771721331] SENT: {"command":"pong","timestamp":1771721331}
[1771721331] SENT: {"command":"pong","timestamp":1771721331}
[1771721331] SENT: {"command":"pong","timestamp":1771721331}
[1771721331] SENT: {"command":"pong","timestamp":1771721331}
[1771721331] SENT: {"command":"pong","timestamp":1771721331}
[1771721331] SENT: {"command":"pong","timestamp":1771721331}
[1771721331] SENT: {"command":"pong","timestamp":1771721331}
[1771721331] SENT: {"command":"pong","timestamp":1771721331}
[1771721331] SENT: {"command":"pong","timestamp":1771721331}
[1771721331] SENT: {"command":"pong","timestamp":1771721331}
[1771721331] SENT: {"command":"pong","timestamp":1771721331}
[1771721331] SENT: {"command":"pong","timestamp":1771721331}
[1771721331] SENT: {"command":"pong","timestamp":1771721331}
[1771721331] SENT: {"command":"pong","timestamp":1771721331}
[1771721331] SENT: {"command":"pong","timestamp":1771721331}
[1771721331] SENT: {"command":"pong","timestamp":1771721331}
[1771721331] SENT: {"command":"pong","timestamp":1771721331}
[1771721331] SENT: {"command":"pong","timestamp":1771721331}
[1771721331] SENT: {"command":"pong","timestamp":1771721331}
[1771721331] SENT: {"command":"pong","timestamp":1771721331}
[1771721331] SENT: {"command":"pong","timestamp":1771721331}
[1771721331] SENT: {"command":"pong","timestamp":1771721331}
[1771721331] SENT: {"command":"pong","timestamp":1771721331}
[1771721331] SENT: {"command":"pong","timestamp":1771721331}
[1771721331] SENT: {"command":"pong","timestamp":1771721331}
[1771721331] SENT: {"command":"pong","timestamp":1771721331}
[1771721331] SENT: {"command":"pong","timestamp":1771721331}
[1771721354] SENT: {"command":"pong","timestamp":1771721354}
[1771721354] SENT: {"command":"pong","timestamp":1771721354}
[1771721354] SENT: {"command":"pong","timestamp":1771721354}
[1771721354] SENT: {"command":"pong","timestamp":1771721354}
[1771721354] SENT: {"command":"pong","timestamp":1771721354}
[1771721356] SENT: {"command":"pong","timestamp":1771721356}
[1771721357] SENT: {"command":"pong","timestamp":1771721357}
[1771721382] SENT: {"command":"pong","timestamp":1771721382}
[1771721410] SENT: {"command":"pong","timestamp":1771721410}
[1771721432] SENT: {"command":"pong","timestamp":1771721432}
[1771721457] SENT: {"command":"pong","timestamp":1771721457}
[1771721482] SENT: {"command":"pong","timestamp":1771721482}
[1771721507] SENT: {"command":"pong","timestamp":1771721507}
[1771721532] SENT: {"command":"pong","timestamp":1771721532}
[1771721557] SENT: {"command":"pong","timestamp":1771721557}
[1771721582] SENT: {"command":"pong","timestamp":1771721582}
[1771721607] SENT: {"command":"pong","timestamp":1771721607}
[1771721632] SENT: {"command":"pong","timestamp":1771721632}
[1771721657] SENT: {"command":"pong","timestamp":1771721657}
[1771721682] SENT: {"command":"pong","timestamp":1771721682}
[1771721707] SENT: {"command":"pong","timestamp":1771721707}
[1771721732] SENT: {"command":"pong","timestamp":1771721732}
[1771721757] SENT: {"command":"pong","timestamp":1771721757}
[1771721782] SENT: {"command":"pong","timestamp":1771721782}
[1771721807] SENT: {"command":"pong","timestamp":1771721807}
[1771721832] SENT: {"command":"pong","timestamp":1771721832}
[1771721857] SENT: {"command":"pong","timestamp":1771721857}
[1771721882] SENT: {"command":"pong","timestamp":1771721882}
[1771721907] SENT: {"command":"pong","timestamp":1771721907}
[1771721932] SENT: {"command":"pong","timestamp":1771721932}
[1771721957] SENT: {"command":"pong","timestamp":1771721957}
[1771721982] SENT: {"command":"pong","timestamp":1771721982}
[1771722007] SENT: {"command":"pong","timestamp":1771722007}
[1771722032] SENT: {"command":"pong","timestamp":1771722032}
[1771722057] SENT: {"command":"pong","timestamp":1771722057}
[1771722082] SENT: {"command":"pong","timestamp":1771722082}
[1771722107] SENT: {"command":"pong","timestamp":1771722107}
[1771722132] SENT: {"command":"pong","timestamp":1771722132}
[1771722157] SENT: {"command":"pong","timestamp":1771722157}
[1771722182] SENT: {"command":"pong","timestamp":1771722182}
[1771722207] SENT: {"command":"pong","timestamp":1771722207}
[1771722232] SENT: {"command":"pong","timestamp":1771722232}
[1771722257] SENT: {"command":"pong","timestamp":1771722257}
[1771722282] SENT: {"command":"pong","timestamp":1771722282}
[1771722307] SENT: {"command":"pong","timestamp":1771722307}
[1771722332] SENT: {"command":"pong","timestamp":1771722332}
[1771722357] SENT: {"command":"pong","timestamp":1771722357}
[1771722382] SENT: {"command":"pong","timestamp":1771722382}
[1771722407] SENT: {"command":"pong","timestamp":1771722407}
[1771722432] SENT: {"command":"pong","timestamp":1771722432}
[1771722457] SENT: {"command":"pong","timestamp":1771722457}
[1771722482] SENT: {"command":"pong","timestamp":1771722482}
[1771722507] SENT: {"command":"pong","timestamp":1771722507}
[1771722532] SENT: {"command":"pong","timestamp":1771722532}
[1771722557] SENT: {"command":"pong","timestamp":1771722557}
[1771722582] SENT: {"command":"pong","timestamp":1771722582}
[1771722607] SENT: {"command":"pong","timestamp":1771722607}
[1771722632] SENT: {"command":"pong","timestamp":1771722632}
[1771722657] SENT: {"command":"pong","timestamp":1771722657}
[1771722682] SENT: {"command":"pong","timestamp":1771722682}
[1771722707] SENT: {"command":"pong","timestamp":1771722707}
[1771722732] SENT: {"command":"pong","timestamp":1771722732}
[1771722757] SENT: {"command":"pong","timestamp":1771722757}
[1771722782] SENT: {"command":"pong","timestamp":1771722782}
[1771722807] SENT: {"command":"pong","timestamp":1771722807}
[1771722832] SENT: {"command":"pong","timestamp":1771722832}
[1771722857] SENT: {"command":"pong","timestamp":1771722857}
[1771722882] SENT: {"command":"pong","timestamp":1771722882}
[1771722907] SENT: {"command":"pong","timestamp":1771722907}
[1771722932] SENT: {"command":"pong","timestamp":1771722932}
[1771722957] SENT: {"command":"pong","timestamp":1771722957}
[1771722982] SENT: {"command":"pong","timestamp":1771722982}
[1771723007] SENT: {"command":"pong","timestamp":1771723007}
[1771723032] SENT: {"command":"pong","timestamp":1771723032}
[1771723057] SENT: {"command":"pong","timestamp":1771723057}
[1771723082] SENT: {"command":"pong","timestamp":1771723082}
[1771723107] SENT: {"command":"pong","timestamp":1771723107}
[1771723132] SENT: {"command":"pong","timestamp":1771723132}
[1771723157] SENT: {"command":"pong","timestamp":1771723157}
[1771723182] SENT: {"command":"pong","timestamp":1771723182}
[1771723207] SENT: {"command":"pong","timestamp":1771723207}
[1771723232] SENT: {"command":"pong","timestamp":1771723232}
[1771723257] SENT: {"command":"pong","timestamp":1771723257}
[1771723282] SENT: {"command":"pong","timestamp":1771723282}
[1771723307] SENT: {"command":"pong","timestamp":1771723307}
[1771723332] SENT: {"command":"pong","timestamp":1771723332}
[1771723357] SENT: {"command":"pong","timestamp":1771723357}
[1771723382] SENT: {"command":"pong","timestamp":1771723382}
[1771723407] SENT: {"command":"pong","timestamp":1771723407}
[1771723432] SENT: {"command":"pong","timestamp":1771723432}
[1771723457] SENT: {"command":"pong","timestamp":1771723457}
[1771723482] SENT: {"command":"pong","timestamp":1771723482}
[1771723507] SENT: {"command":"pong","timestamp":1771723507}
[1771723532] SENT: {"command":"pong","timestamp":1771723532}
[1771723557] SENT: {"command":"pong","timestamp":1771723557}
[1771723582] SENT: {"command":"pong","timestamp":1771723582}
[1771723607] SENT: {"command":"pong","timestamp":1771723607}
[1771723632] SENT: {"command":"pong","timestamp":1771723632}
[1771723657] SENT: {"command":"pong","timestamp":1771723657}
[1771723682] SENT: {"command":"pong","timestamp":1771723682}
[1771723707] SENT: {"command":"pong","timestamp":1771723707}
[1771723732] SENT: {"command":"pong","timestamp":1771723732}
[1771723757] SENT: {"command":"pong","timestamp":1771723757}
[1771723782] SENT: {"command":"pong","timestamp":1771723782}
[1771723807] SENT: {"command":"pong","timestamp":1771723807}
[1771723832] SENT: {"command":"pong","timestamp":1771723832}
[1771723857] SENT: {"command":"pong","timestamp":1771723857}
[1771723882] SENT: {"command":"pong","timestamp":1771723882}
[1771723907] SENT: {"command":"pong","timestamp":1771723907}
[1771723932] SENT: {"command":"pong","timestamp":1771723932}
[1771723957] SENT: {"command":"pong","timestamp":1771723957}
[1771723982] SENT: {"command":"pong","timestamp":1771723982}
[1771724007] SENT: {"command":"pong","timestamp":1771724007}
[1771724032] SENT: {"command":"pong","timestamp":1771724032}
[1771724057] SENT: {"command":"pong","timestamp":1771724057}
[1771724082] SENT: {"command":"pong","timestamp":1771724082}
[1771724107] SENT: {"command":"pong","timestamp":1771724107}
[1771724132] SENT: {"command":"pong","timestamp":1771724132}
[1771724157] SENT: {"command":"pong","timestamp":1771724157}
[1771724182] SENT: {"command":"pong","timestamp":1771724182}
[1771724207] SENT: {"command":"pong","timestamp":1771724207}
[1771724232] SENT: {"command":"pong","timestamp":1771724232}
[1771724257] SENT: {"command":"pong","timestamp":1771724257}
[1771724282] SENT: {"command":"pong","timestamp":1771724282}
[1771724307] SENT: {"command":"pong","timestamp":1771724307}
[1771724332] SENT: {"command":"pong","timestamp":1771724332}
[1771724357] SENT: {"command":"pong","timestamp":1771724357}
[1771724382] SENT: {"command":"pong","timestamp":1771724382}
[1771724407] SENT: {"command":"pong","timestamp":1771724407}
[1771724432] SENT: {"command":"pong","timestamp":1771724432}
[1771724457] SENT: {"command":"pong","timestamp":1771724457}
[1771724482] SENT: {"command":"pong","timestamp":1771724482}
[1771724507] SENT: {"command":"pong","timestamp":1771724507}
[1771724532] SENT: {"command":"pong","timestamp":1771724532}
[1771724557] SENT: {"command":"pong","timestamp":1771724557}
[1771724582] SENT: {"command":"pong","timestamp":1771724582}
[1771724607] SENT: {"command":"pong","timestamp":1771724607}
[1771724632] SENT: {"command":"pong","timestamp":1771724632}
[1771724657] SENT: {"command":"pong","timestamp":1771724657}
[1771724682] SENT: {"command":"pong","timestamp":1771724682}
[1771724707] SENT: {"command":"pong","timestamp":1771724707}
[1771724732] SENT: {"command":"pong","timestamp":1771724732}
[1771724757] SENT: {"command":"pong","timestamp":1771724757}
[1771724782] SENT: {"command":"pong","timestamp":1771724782}
[1771724807] SENT: {"command":"pong","timestamp":1771724807}
[1771724832] SENT: {"command":"pong","timestamp":1771724832}
[1771724857] SENT: {"command":"pong","timestamp":1771724857}
[1771724882] SENT: {"command":"pong","timestamp":1771724882}
[1771724907] SENT: {"command":"pong","timestamp":1771724907}
[1771724932] SENT: {"command":"pong","timestamp":1771724932}
[1771724957] SENT: {"command":"pong","timestamp":1771724957}
[1771724982] SENT: {"command":"pong","timestamp":1771724982}
[1771725007] SENT: {"command":"pong","timestamp":1771725007}
[1771725032] SENT: {"command":"pong","timestamp":1771725032}
[1771725057] SENT: {"command":"pong","timestamp":1771725057}
[1771725082] SENT: {"command":"pong","timestamp":1771725082}
[1771725107] SENT: {"command":"pong","timestamp":1771725107}
[1771725132] SENT: {"command":"pong","timestamp":1771725132}
[1771725157] SENT: {"command":"pong","timestamp":1771725157}
[1771725182] SENT: {"command":"pong","timestamp":1771725182}
[1771725207] SENT: {"command":"pong","timestamp":1771725207}
[1771725232] SENT: {"command":"pong","timestamp":1771725232}
[1771725257] SENT: {"command":"pong","timestamp":1771725257}
[1771725282] SENT: {"command":"pong","timestamp":1771725282}
[1771725307] SENT: {"command":"pong","timestamp":1771725307}
[1771725332] SENT: {"command":"pong","timestamp":1771725332}
[1771725357] SENT: {"command":"pong","timestamp":1771725357}
[1771725382] SENT: {"command":"pong","timestamp":1771725382}
[1771725407] SENT: {"command":"pong","timestamp":1771725407}
[1771725432] SENT: {"command":"pong","timestamp":1771725432}
[1771725457] SENT: {"command":"pong","timestamp":1771725457}
[1771725482] SENT: {"command":"pong","timestamp":1771725482}
[1771725507] SENT: {"command":"pong","timestamp":1771725507}
[1771725532] SENT: {"command":"pong","timestamp":1771725532}
[1771725557] SENT: {"command":"pong","timestamp":1771725557}
[1771725582] SENT: {"command":"pong","timestamp":1771725582}
[1771725607] SENT: {"command":"pong","timestamp":1771725607}
[1771725632] SENT: {"command":"pong","timestamp":1771725632}
[1771725657] SENT: {"command":"pong","timestamp":1771725657}
[1771725682] SENT: {"command":"pong","timestamp":1771725682}
[1771725707] SENT: {"command":"pong","timestamp":1771725707}
[1771725732] SENT: {"command":"pong","timestamp":1771725732}
[1771725757] SENT: {"command":"pong","timestamp":1771725757}
[1771725782] SENT: {"command":"pong","timestamp":1771725782}
[1771725807] SENT: {"command":"pong","timestamp":1771725807}
[1771725832] SENT: {"command":"pong","timestamp":1771725832}
[1771725857] SENT: {"command":"pong","timestamp":1771725857}
[1771725882] SENT: {"command":"pong","timestamp":1771725882}
[1771725907] SENT: {"command":"pong","timestamp":1771725907}
[1771725932] SENT: {"command":"pong","timestamp":1771725932}
[1771725957] SENT: {"command":"pong","timestamp":1771725957}
[1771725982] SENT: {"command":"pong","timestamp":1771725982}
[1771726007] SENT: {"command":"pong","timestamp":1771726007}
[1771726032] SENT: {"command":"pong","timestamp":1771726032}
[1771726057] SENT: {"command":"pong","timestamp":1771726057}
[1771726082] SENT: {"command":"pong","timestamp":1771726082}
[1771726107] SENT: {"command":"pong","timestamp":1771726107}
[1771726132] SENT: {"command":"pong","timestamp":1771726132}
[1771726157] SENT: {"command":"pong","timestamp":1771726157}
[1771726182] SENT: {"command":"pong","timestamp":1771726182}
[1771726207] SENT: {"command":"pong","timestamp":1771726207}
[1771726232] SENT: {"command":"pong","timestamp":1771726232}
[1771726257] SENT: {"command":"pong","timestamp":1771726257}
[1771726282] SENT: {"command":"pong","timestamp":1771726282}
[1771726307] SENT: {"command":"pong","timestamp":1771726307}
[1771726332] SENT: {"command":"pong","timestamp":1771726332}
[1771726357] SENT: {"command":"pong","timestamp":1771726357}
[1771726382] SENT: {"command":"pong","timestamp":1771726382}
[1771726407] SENT: {"command":"pong","timestamp":1771726407}
[1771726432] SENT: {"command":"pong","timestamp":1771726432}
[1771726457] SENT: {"command":"pong","timestamp":1771726457}
[1771726482] SENT: {"command":"pong","timestamp":1771726482}
[1771726507] SENT: {"command":"pong","timestamp":1771726507}
[1771726532] SENT: {"command":"pong","timestamp":1771726532}
[1771726557] SENT: {"command":"pong","timestamp":1771726557}
[1771726582] SENT: {"command":"pong","timestamp":1771726582}
[1771726607] SENT: {"command":"pong","timestamp":1771726607}
[1771726632] SENT: {"command":"pong","timestamp":1771726632}
[1771726657] SENT: {"command":"pong","timestamp":1771726657}
[1771726682] SENT: {"command":"pong","timestamp":1771726682}
[1771726707] SENT: {"command":"pong","timestamp":1771726707}
[1771726732] SENT: {"command":"pong","timestamp":1771726732}
[1771726757] SENT: {"command":"pong","timestamp":1771726757}
[1771726782] SENT: {"command":"pong","timestamp":1771726782}
[1771726807] SENT: {"command":"pong","timestamp":1771726807}
[1771726832] SENT: {"command":"pong","timestamp":1771726832}
[1771726857] SENT: {"command":"pong","timestamp":1771726857}
[1771726882] SENT: {"command":"pong","timestamp":1771726882}
[1771726907] SENT: {"command":"pong","timestamp":1771726907}
[1771726932] SENT: {"command":"pong","timestamp":1771726932}
[1771726957] SENT: {"command":"pong","timestamp":1771726957}
[1771726982] SENT: {"command":"pong","timestamp":1771726982}
[1771727007] SENT: {"command":"pong","timestamp":1771727007}
[1771727032] SENT: {"command":"pong","timestamp":1771727032}
[1771727057] SENT: {"command":"pong","timestamp":1771727057}
[1771727082] SENT: {"command":"pong","timestamp":1771727082}
[1771727107] SENT: {"command":"pong","timestamp":1771727107}
[1771727132] SENT: {"command":"pong","timestamp":1771727132}
[1771727157] SENT: {"command":"pong","timestamp":1771727157}
[1771727182] SENT: {"command":"pong","timestamp":1771727182}
[1771727207] SENT: {"command":"pong","timestamp":1771727207}
[1771727232] SENT: {"command":"pong","timestamp":1771727232}
[1771727257] SENT: {"command":"pong","timestamp":1771727257}
[1771727282] SENT: {"command":"pong","timestamp":1771727282}
[1771727307] SENT: {"command":"pong","timestamp":1771727307}
[1771727332] SENT: {"command":"pong","timestamp":1771727332}
[1771727357] SENT: {"command":"pong","timestamp":1771727357}
[1771727382] SENT: {"command":"pong","timestamp":1771727382}
[1771727407] SENT: {"command":"pong","timestamp":1771727407}
[1771727432] SENT: {"command":"pong","timestamp":1771727432}
[1771727457] SENT: {"command":"pong","timestamp":1771727457}
[1771727482] SENT: {"command":"pong","timestamp":1771727482}
[1771727507] SENT: {"command":"pong","timestamp":1771727507}
[1771727532] SENT: {"command":"pong","timestamp":1771727532}
[1771727557] SENT: {"command":"pong","timestamp":1771727557}
[1771727582] SENT: {"command":"pong","timestamp":1771727582}
[1771727607] SENT: {"command":"pong","timestamp":1771727607}
[1771727632] SENT: {"command":"pong","timestamp":1771727632}
[1771727657] SENT: {"command":"pong","timestamp":1771727657}
[1771727682] SENT: {"command":"pong","timestamp":1771727682}
[1771727707] SENT: {"command":"pong","timestamp":1771727707}
[1771727732] SENT: {"command":"pong","timestamp":1771727732}
[1771727757] SENT: {"command":"pong","timestamp":1771727757}
[1771727782] SENT: {"command":"pong","timestamp":1771727782}
[1771727807] SENT: {"command":"pong","timestamp":1771727807}
[1771727832] SENT: {"command":"pong","timestamp":1771727832}
[1771727857] SENT: {"command":"pong","timestamp":1771727857}
[1771727882] SENT: {"command":"pong","timestamp":1771727882}
[1771727907] SENT: {"command":"pong","timestamp":1771727907}
[1771727932] SENT: {"command":"pong","timestamp":1771727932}
[1771727957] SENT: {"command":"pong","timestamp":1771727957}
[1771727982] SENT: {"command":"pong","timestamp":1771727982}
[1771728007] SENT: {"command":"pong","timestamp":1771728007}
[1771728032] SENT: {"command":"pong","timestamp":1771728032}
[1771728057] SENT: {"command":"pong","timestamp":1771728057}
[1771728082] SENT: {"command":"pong","timestamp":1771728082}
[1771728107] SENT: {"command":"pong","timestamp":1771728107}
[1771728132] SENT: {"command":"pong","timestamp":1771728132}
[1771728157] SENT: {"command":"pong","timestamp":1771728157}
[1771728182] SENT: {"command":"pong","timestamp":1771728182}
[1771728207] SENT: {"command":"pong","timestamp":1771728207}
[1771728232] SENT: {"command":"pong","timestamp":1771728232}
[1771728257] SENT: {"command":"pong","timestamp":1771728257}
[1771728282] SENT: {"command":"pong","timestamp":1771728282}
[1771728307] SENT: {"command":"pong","timestamp":1771728307}
[1771728332] SENT: {"command":"pong","timestamp":1771728332}
[1771728357] SENT: {"command":"pong","timestamp":1771728357}
[1771728382] SENT: {"command":"pong","timestamp":1771728382}
[1771728407] SENT: {"command":"pong","timestamp":1771728407}
[1771728432] SENT: {"command":"pong","timestamp":1771728432}
[1771728457] SENT: {"command":"pong","timestamp":1771728457}
[1771728482] SENT: {"command":"pong","timestamp":1771728482}
[1771728507] SENT: {"command":"pong","timestamp":1771728507}
[1771728532] SENT: {"command":"pong","timestamp":1771728532}
[1771728557] SENT: {"command":"pong","timestamp":1771728557}
[1771728582] SENT: {"command":"pong","timestamp":1771728582}
[1771728607] SENT: {"command":"pong","timestamp":1771728607}
[1771728632] SENT: {"command":"pong","timestamp":1771728632}
[1771728657] SENT: {"command":"pong","timestamp":1771728657}
[1771728682] SENT: {"command":"pong","timestamp":1771728682}
[1771728707] SENT: {"command":"pong","timestamp":1771728707}
[1771728732] SENT: {"command":"pong","timestamp":1771728732}
[1771728757] SENT: {"command":"pong","timestamp":1771728757}
[1771728782] SENT: {"command":"pong","timestamp":1771728782}
[1771728807] SENT: {"command":"pong","timestamp":1771728807}
[1771728832] SENT: {"command":"pong","timestamp":1771728832}
[1771728857] SENT: {"command":"pong","timestamp":1771728857}
[1771728882] SENT: {"command":"pong","timestamp":1771728882}
[1771728907] SENT: {"command":"pong","timestamp":1771728907}
[1771728932] SENT: {"command":"pong","timestamp":1771728932}
[1771728957] SENT: {"command":"pong","timestamp":1771728957}
[1771728982] SENT: {"command":"pong","timestamp":1771728982}
[1771729007] SENT: {"command":"pong","timestamp":1771729007}
[1771729032] SENT: {"command":"pong","timestamp":1771729032}
[1771729057] SENT: {"command":"pong","timestamp":1771729057}
[1771729082] SENT: {"command":"pong","timestamp":1771729082}
[1771729107] SENT: {"command":"pong","timestamp":1771729107}
[1771729132] SENT: {"command":"pong","timestamp":1771729132}
[1771729157] SENT: {"command":"pong","timestamp":1771729157}
[1771729182] SENT: {"command":"pong","timestamp":1771729182}
[1771729207] SENT: {"command":"pong","timestamp":1771729207}
[1771729232] SENT: {"command":"pong","timestamp":1771729232}
[1771729257] SENT: {"command":"pong","timestamp":1771729257}
[1771729282] SENT: {"command":"pong","timestamp":1771729282}
[1771729307] SENT: {"command":"pong","timestamp":1771729307}
[1771729332] SENT: {"command":"pong","timestamp":1771729332}
[1771729357] SENT: {"command":"pong","timestamp":1771729357}
[1771729382] SENT: {"command":"pong","timestamp":1771729382}
[1771729407] SENT: {"command":"pong","timestamp":1771729407}
[1771729432] SENT: {"command":"pong","timestamp":1771729432}
[1771729457] SENT: {"command":"pong","timestamp":1771729457}
[1771729482] SENT: {"command":"pong","timestamp":1771729482}
[1771729507] SENT: {"command":"pong","timestamp":1771729507}
[1771729532] SENT: {"command":"pong","timestamp":1771729532}
[1771729557] SENT: {"command":"pong","timestamp":1771729557}
[1771729582] SENT: {"command":"pong","timestamp":1771729582}
[1771729607] SENT: {"command":"pong","timestamp":1771729607}
[1771729632] SENT: {"command":"pong","timestamp":1771729632}
[1771729657] SENT: {"command":"pong","timestamp":1771729657}
[1771729682] SENT: {"command":"pong","timestamp":1771729682}
[1771729707] SENT: {"command":"pong","timestamp":1771729707}
[1771729732] SENT: {"command":"pong","timestamp":1771729732}
[1771729757] SENT: {"command":"pong","timestamp":1771729757}
[1771729782] SENT: {"command":"pong","timestamp":1771729782}
[1771729807] SENT: {"command":"pong","timestamp":1771729807}
[1771729832] SENT: {"command":"pong","timestamp":1771729832}
[1771729857] SENT: {"command":"pong","timestamp":1771729857}
[1771729882] SENT: {"command":"pong","timestamp":1771729882}
[1771729907] SENT: {"command":"pong","timestamp":1771729907}
[1771729932] SENT: {"command":"pong","timestamp":1771729932}
[1771729957] SENT: {"command":"pong","timestamp":1771729957}
[1771729982] SENT: {"command":"pong","timestamp":1771729982}
[1771730007] SENT: {"command":"pong","timestamp":1771730007}
[1771730032] SENT: {"command":"pong","timestamp":1771730032}
[1771730057] SENT: {"command":"pong","timestamp":1771730057}
[1771730082] SENT: {"command":"pong","timestamp":1771730082}
[1771730107] SENT: {"command":"pong","timestamp":1771730107}
[1771730132] SENT: {"command":"pong","timestamp":1771730132}
[1771730157] SENT: {"command":"pong","timestamp":1771730157}
[1771730182] SENT: {"command":"pong","timestamp":1771730182}
[1771730207] SENT: {"command":"pong","timestamp":1771730207}
[1771730232] SENT: {"command":"pong","timestamp":1771730232}
[1771730257] SENT: {"command":"pong","timestamp":1771730257}
[1771730282] SENT: {"command":"pong","timestamp":1771730282}
[1771730307] SENT: {"command":"pong","timestamp":1771730307}
[1771730332] SENT: {"command":"pong","timestamp":1771730332}
[1771730357] SENT: {"command":"pong","timestamp":1771730357}
[1771730382] SENT: {"command":"pong","timestamp":1771730382}
[1771730407] SENT: {"command":"pong","timestamp":1771730407}
[1771730432] SENT: {"command":"pong","timestamp":1771730432}
[1771730457] SENT: {"command":"pong","timestamp":1771730457}
[1771730482] SENT: {"command":"pong","timestamp":1771730482}
[1771730507] SENT: {"command":"pong","timestamp":1771730507}
[1771730532] SENT: {"command":"pong","timestamp":1771730532}
[1771730557] SENT: {"command":"pong","timestamp":1771730557}
[1771730582] SENT: {"command":"pong","timestamp":1771730582}
[1771730607] SENT: {"command":"pong","timestamp":1771730607}
[1771730632] SENT: {"command":"pong","timestamp":1771730632}
[1771730657] SENT: {"command":"pong","timestamp":1771730657}
[1771730682] SENT: {"command":"pong","timestamp":1771730682}
[1771730707] SENT: {"command":"pong","timestamp":1771730707}
[1771730732] SENT: {"command":"pong","timestamp":1771730732}
[1771730757] SENT: {"command":"pong","timestamp":1771730757}
[1771730782] SENT: {"command":"pong","timestamp":1771730782}
[1771730807] SENT: {"command":"pong","timestamp":1771730807}
[1771730832] SENT: {"command":"pong","timestamp":1771730832}
[1771730857] SENT: {"command":"pong","timestamp":1771730857}
[1771730882] SENT: {"command":"pong","timestamp":1771730882}
[1771730907] SENT: {"command":"pong","timestamp":1771730907}
[1771730932] SENT: {"command":"pong","timestamp":1771730932}
[1771730957] SENT: {"command":"pong","timestamp":1771730957}
[1771730982] SENT: {"command":"pong","timestamp":1771730982}
[1771731007] SENT: {"command":"pong","timestamp":1771731007}
[1771731032] SENT: {"command":"pong","timestamp":1771731032}
[1771731057] SENT: {"command":"pong","timestamp":1771731057}
[1771731082] SENT: {"command":"pong","timestamp":1771731082}
[1771731107] SENT: {"command":"pong","timestamp":1771731107}
[1771731132] SENT: {"command":"pong","timestamp":1771731132}
[1771731157] SENT: {"command":"pong","timestamp":1771731157}
[1771731182] SENT: {"command":"pong","timestamp":1771731182}
[1771731207] SENT: {"command":"pong","timestamp":1771731207}
[1771731232] SENT: {"command":"pong","timestamp":1771731232}
[1771731257] SENT: {"command":"pong","timestamp":1771731257}
[1771731282] SENT: {"command":"pong","timestamp":1771731282}
[1771731307] SENT: {"command":"pong","timestamp":1771731307}
[1771731332] SENT: {"command":"pong","timestamp":1771731332}
[1771731357] SENT: {"command":"pong","timestamp":1771731357}
[1771731382] SENT: {"command":"pong","timestamp":1771731382}
[1771731407] SENT: {"command":"pong","timestamp":1771731407}
[1771731432] SENT: {"command":"pong","timestamp":1771731432}
[1771731457] SENT: {"command":"pong","timestamp":1771731457}
[1771731482] SENT: {"command":"pong","timestamp":1771731482}
[1771731507] SENT: {"command":"pong","timestamp":1771731507}
[1771731532] SENT: {"command":"pong","timestamp":1771731532}
[1771731557] SENT: {"command":"pong","timestamp":1771731557}
[1771731582] SENT: {"command":"pong","timestamp":1771731582}
[1771731607] SENT: {"command":"pong","timestamp":1771731607}
[1771731632] SENT: {"command":"pong","timestamp":1771731632}
[1771731657] SENT: {"command":"pong","timestamp":1771731657}
[1771731682] SENT: {"command":"pong","timestamp":1771731682}
[1771731707] SENT: {"command":"pong","timestamp":1771731707}
[1771731732] SENT: {"command":"pong","timestamp":1771731732}
[1771731757] SENT: {"command":"pong","timestamp":1771731757}
[1771731782] SENT: {"command":"pong","timestamp":1771731782}
[1771731807] SENT: {"command":"pong","timestamp":1771731807}
[1771731832] SENT: {"command":"pong","timestamp":1771731832}
[1771731857] SENT: {"command":"pong","timestamp":1771731857}
[1771731882] SENT: {"command":"pong","timestamp":1771731882}
[1771731907] SENT: {"command":"pong","timestamp":1771731907}
[1771731932] SENT: {"command":"pong","timestamp":1771731932}
[1771731957] SENT: {"command":"pong","timestamp":1771731957}
[1771731982] SENT: {"command":"pong","timestamp":1771731982}
[1771732007] SENT: {"command":"pong","timestamp":1771732007}
[1771732032] SENT: {"command":"pong","timestamp":1771732032}
[1771732057] SENT: {"command":"pong","timestamp":1771732057}
[1771732082] SENT: {"command":"pong","timestamp":1771732082}
[1771732107] SENT: {"command":"pong","timestamp":1771732107}
[1771732132] SENT: {"command":"pong","timestamp":1771732132}
[1771732157] SENT: {"command":"pong","timestamp":1771732157}
[1771732182] SENT: {"command":"pong","timestamp":1771732182}
[1771732207] SENT: {"command":"pong","timestamp":1771732207}
[1771732232] SENT: {"command":"pong","timestamp":1771732232}
[1771732257] SENT: {"command":"pong","timestamp":1771732257}
[1771732282] SENT: {"command":"pong","timestamp":1771732282}
[1771732307] SENT: {"command":"pong","timestamp":1771732307}
[1771732332] SENT: {"command":"pong","timestamp":1771732332}
[1771732357] SENT: {"command":"pong","timestamp":1771732357}
[1771732382] SENT: {"command":"pong","timestamp":1771732382}
[1771732407] SENT: {"command":"pong","timestamp":1771732407}
[1771732432] SENT: {"command":"pong","timestamp":1771732432}
[1771732457] SENT: {"command":"pong","timestamp":1771732457}
[1771732482] SENT: {"command":"pong","timestamp":1771732482}
[1771732507] SENT: {"command":"pong","timestamp":1771732507}
[1771732532] SENT: {"command":"pong","timestamp":1771732532}
[1771732557] SENT: {"command":"pong","timestamp":1771732557}
[1771732582] SENT: {"command":"pong","timestamp":1771732582}
[1771732607] SENT: {"command":"pong","timestamp":1771732607}
[1771732632] SENT: {"command":"pong","timestamp":1771732632}
[1771732657] SENT: {"command":"pong","timestamp":1771732657}
[1771732682] SENT: {"command":"pong","timestamp":1771732682}
[1771732707] SENT: {"command":"pong","timestamp":1771732707}
[1771732732] SENT: {"command":"pong","timestamp":1771732732}
[1771732757] SENT: {"command":"pong","timestamp":1771732757}
[1771732782] SENT: {"command":"pong","timestamp":1771732782}
[1771732807] SENT: {"command":"pong","timestamp":1771732807}
[1771732832] SENT: {"command":"pong","timestamp":1771732832}
[1771732857] SENT: {"command":"pong","timestamp":1771732857}
[1771732882] SENT: {"command":"pong","timestamp":1771732882}
[1771732907] SENT: {"command":"pong","timestamp":1771732907}
[1771732932] SENT: {"command":"pong","timestamp":1771732932}
[1771732957] SENT: {"command":"pong","timestamp":1771732957}
[1771732982] SENT: {"command":"pong","timestamp":1771732982}
[1771733007] SENT: {"command":"pong","timestamp":1771733007}
[1771733032] SENT: {"command":"pong","timestamp":1771733032}
[1771733057] SENT: {"command":"pong","timestamp":1771733057}
[1771733082] SENT: {"command":"pong","timestamp":1771733082}
[1771733107] SENT: {"command":"pong","timestamp":1771733107}
[1771733132] SENT: {"command":"pong","timestamp":1771733132}
[1771733157] SENT: {"command":"pong","timestamp":1771733157}
[1771733182] SENT: {"command":"pong","timestamp":1771733182}
[1771733207] SENT: {"command":"pong","timestamp":1771733207}
[1771733232] SENT: {"command":"pong","timestamp":1771733232}
[1771733257] SENT: {"command":"pong","timestamp":1771733257}
[1771733282] SENT: {"command":"pong","timestamp":1771733282}
[1771733307] SENT: {"command":"pong","timestamp":1771733307}
[1771733332] SENT: {"command":"pong","timestamp":1771733332}
[1771733357] SENT: {"command":"pong","timestamp":1771733357}
[1771733382] SENT: {"command":"pong","timestamp":1771733382}
[1771733407] SENT: {"command":"pong","timestamp":1771733407}
[1771733432] SENT: {"command":"pong","timestamp":1771733432}
[1771733457] SENT: {"command":"pong","timestamp":1771733457}
[1771733482] SENT: {"command":"pong","timestamp":1771733482}
[1771733507] SENT: {"command":"pong","timestamp":1771733507}
[1771733532] SENT: {"command":"pong","timestamp":1771733532}
[1771733557] SENT: {"command":"pong","timestamp":1771733557}
[1771733582] SENT: {"command":"pong","timestamp":1771733582}
[1771733607] SENT: {"command":"pong","timestamp":1771733607}
[1771733632] SENT: {"command":"pong","timestamp":1771733632}
[1771733657] SENT: {"command":"pong","timestamp":1771733657}
[1771733682] SENT: {"command":"pong","timestamp":1771733682}
[1771733707] SENT: {"command":"pong","timestamp":1771733707}
[1771733732] SENT: {"command":"pong","timestamp":1771733732}
[1771733757] SENT: {"command":"pong","timestamp":1771733757}
[1771733782] SENT: {"command":"pong","timestamp":1771733782}
[1771733807] SENT: {"command":"pong","timestamp":1771733807}
[1771733832] SENT: {"command":"pong","timestamp":1771733832}
[1771733857] SENT: {"command":"pong","timestamp":1771733857}
[1771733882] SENT: {"command":"pong","timestamp":1771733882}
[1771733907] SENT: {"command":"pong","timestamp":1771733907}
[1771733932] SENT: {"command":"pong","timestamp":1771733932}
[1771733957] SENT: {"command":"pong","timestamp":1771733957}
[1771733982] SENT: {"command":"pong","timestamp":1771733982}
[1771734007] SENT: {"command":"pong","timestamp":1771734007}
[1771734032] SENT: {"command":"pong","timestamp":1771734032}
[1771734057] SENT: {"command":"pong","timestamp":1771734057}
[1771734082] SENT: {"command":"pong","timestamp":1771734082}
[1771734107] SENT: {"command":"pong","timestamp":1771734107}
[1771734132] SENT: {"command":"pong","timestamp":1771734132}
[1771734157] SENT: {"command":"pong","timestamp":1771734157}
[1771734182] SENT: {"command":"pong","timestamp":1771734182}
[1771734207] SENT: {"command":"pong","timestamp":1771734207}
[1771734232] SENT: {"command":"pong","timestamp":1771734232}
[1771734257] SENT: {"command":"pong","timestamp":1771734257}
[1771734282] SENT: {"command":"pong","timestamp":1771734282}
[1771734307] SENT: {"command":"pong","timestamp":1771734307}
[1771734332] SENT: {"command":"pong","timestamp":1771734332}
[1771734357] SENT: {"command":"pong","timestamp":1771734357}
[1771734382] SENT: {"command":"pong","timestamp":1771734382}
[1771734407] SENT: {"command":"pong","timestamp":1771734407}
[1771734432] SENT: {"command":"pong","timestamp":1771734432}
[1771734457] SENT: {"command":"pong","timestamp":1771734457}
[1771734482] SENT: {"command":"pong","timestamp":1771734482}
[1771734507] SENT: {"command":"pong","timestamp":1771734507}
[1771734532] SENT: {"command":"pong","timestamp":1771734532}
[1771734557] SENT: {"command":"pong","timestamp":1771734557}
[1771734582] SENT: {"command":"pong","timestamp":1771734582}
[1771734607] SENT: {"command":"pong","timestamp":1771734607}
[1771734632] SENT: {"command":"pong","timestamp":1771734632}
[1771734657] SENT: {"command":"pong","timestamp":1771734657}
[1771734682] SENT: {"command":"pong","timestamp":1771734682}
[1771734707] SENT: {"command":"pong","timestamp":1771734707}
[1771734732] SENT: {"command":"pong","timestamp":1771734732}
[1771734757] SENT: {"command":"pong","timestamp":1771734757}
[1771734782] SENT: {"command":"pong","timestamp":1771734782}
[1771734807] SENT: {"command":"pong","timestamp":1771734807}
[1771734832] SENT: {"command":"pong","timestamp":1771734832}
[1771734857] SENT: {"command":"pong","timestamp":1771734857}
[1771734882] SENT: {"command":"pong","timestamp":1771734882}
[1771734907] SENT: {"command":"pong","timestamp":1771734907}
[1771734932] SENT: {"command":"pong","timestamp":1771734932}
[1771734957] SENT: {"command":"pong","timestamp":1771734957}
[1771734982] SENT: {"command":"pong","timestamp":1771734982}
[1771735007] SENT: {"command":"pong","timestamp":1771735007}
[1771735032] SENT: {"command":"pong","timestamp":1771735032}
[1771735057] SENT: {"command":"pong","timestamp":1771735057}
[1771735082] SENT: {"command":"pong","timestamp":1771735082}
[1771735107] SENT: {"command":"pong","timestamp":1771735107}
[1771735132] SENT: {"command":"pong","timestamp":1771735132}
[1771735157] SENT: {"command":"pong","timestamp":1771735157}
[1771735182] SENT: {"command":"pong","timestamp":1771735182}
[1771735207] SENT: {"command":"pong","timestamp":1771735207}
[1771735232] SENT: {"command":"pong","timestamp":1771735232}
[1771735257] SENT: {"command":"pong","timestamp":1771735257}
[1771735282] SENT: {"command":"pong","timestamp":1771735282}
[1771735307] SENT: {"command":"pong","timestamp":1771735307}
[1771735332] SENT: {"command":"pong","timestamp":1771735332}
[1771735357] SENT: {"command":"pong","timestamp":1771735357}
[1771735382] SENT: {"command":"pong","timestamp":1771735382}
[1771735407] SENT: {"command":"pong","timestamp":1771735407}
[1771735432] SENT: {"command":"pong","timestamp":1771735432}
[1771735457] SENT: {"command":"pong","timestamp":1771735457}
[1771735482] SENT: {"command":"pong","timestamp":1771735482}
[1771735507] SENT: {"command":"pong","timestamp":1771735507}
[1771735532] SENT: {"command":"pong","timestamp":1771735532}
[1771735557] SENT: {"command":"pong","timestamp":1771735557}
[1771735582] SENT: {"command":"pong","timestamp":1771735582}
[1771735607] SENT: {"command":"pong","timestamp":1771735607}
[1771735632] SENT: {"command":"pong","timestamp":1771735632}
[1771735657] SENT: {"command":"pong","timestamp":1771735657}
[1771735682] SENT: {"command":"pong","timestamp":1771735682}
[1771735707] SENT: {"command":"pong","timestamp":1771735707}
[1771735732] SENT: {"command":"pong","timestamp":1771735732}
[1771735757] SENT: {"command":"pong","timestamp":1771735757}
[1771735782] SENT: {"command":"pong","timestamp":1771735782}
[1771735807] SENT: {"command":"pong","timestamp":1771735807}
[1771735832] SENT: {"command":"pong","timestamp":1771735832}
[1771735857] SENT: {"command":"pong","timestamp":1771735857}
[1771735882] SENT: {"command":"pong","timestamp":1771735882}
[1771735907] SENT: {"command":"pong","timestamp":1771735907}
[1771735932] SENT: {"command":"pong","timestamp":1771735932}
[1771735957] SENT: {"command":"pong","timestamp":1771735957}
[1771735982] SENT: {"command":"pong","timestamp":1771735982}
[1771736007] SENT: {"command":"pong","timestamp":1771736007}
[1771736032] SENT: {"command":"pong","timestamp":1771736032}
[1771736057] SENT: {"command":"pong","timestamp":1771736057}
[1771736082] SENT: {"command":"pong","timestamp":1771736082}
[1771736107] SENT: {"command":"pong","timestamp":1771736107}
[1771736132] SENT: {"command":"pong","timestamp":1771736132}
[1771736157] SENT: {"command":"pong","timestamp":1771736157}
[1771736182] SENT: {"command":"pong","timestamp":1771736182}
[1771736207] SENT: {"command":"pong","timestamp":1771736207}
[1771736232] SENT: {"command":"pong","timestamp":1771736232}
[1771736257] SENT: {"command":"pong","timestamp":1771736257}
[1771736282] SENT: {"command":"pong","timestamp":1771736282}
[1771736307] SENT: {"command":"pong","timestamp":1771736307}
[1771736332] SENT: {"command":"pong","timestamp":1771736332}
[1771736357] SENT: {"command":"pong","timestamp":1771736357}
[1771736382] SENT: {"command":"pong","timestamp":1771736382}
[1771736407] SENT: {"command":"pong","timestamp":1771736407}
[1771736432] SENT: {"command":"pong","timestamp":1771736432}
[1771736457] SENT: {"command":"pong","timestamp":1771736457}
[1771736482] SENT: {"command":"pong","timestamp":1771736482}
[1771736507] SENT: {"command":"pong","timestamp":1771736507}
[1771736532] SENT: {"command":"pong","timestamp":1771736532}
[1771736557] SENT: {"command":"pong","timestamp":1771736557}
[1771736582] SENT: {"command":"pong","timestamp":1771736582}
[1771736607] SENT: {"command":"pong","timestamp":1771736607}
[1771736632] SENT: {"command":"pong","timestamp":1771736632}
[1771736657] SENT: {"command":"pong","timestamp":1771736657}
[1771736682] SENT: {"command":"pong","timestamp":1771736682}
[1771736707] SENT: {"command":"pong","timestamp":1771736707}
[1771736732] SENT: {"command":"pong","timestamp":1771736732}
[1771736757] SENT: {"command":"pong","timestamp":1771736757}
[1771736782] SENT: {"command":"pong","timestamp":1771736782}
[1771736807] SENT: {"command":"pong","timestamp":1771736807}
[1771736832] SENT: {"command":"pong","timestamp":1771736832}
[1771736857] SENT: {"command":"pong","timestamp":1771736857}
[1771736882] SENT: {"command":"pong","timestamp":1771736882}
[1771736907] SENT: {"command":"pong","timestamp":1771736907}
[1771736932] SENT: {"command":"pong","timestamp":1771736932}
[1771736957] SENT: {"command":"pong","timestamp":1771736957}
[1771736982] SENT: {"command":"pong","timestamp":1771736982}
[1771737007] SENT: {"command":"pong","timestamp":1771737007}
[1771737032] SENT: {"command":"pong","timestamp":1771737032}
[1771737057] SENT: {"command":"pong","timestamp":1771737057}
[1771737082] SENT: {"command":"pong","timestamp":1771737082}
[1771737107] SENT: {"command":"pong","timestamp":1771737107}
[1771737132] SENT: {"command":"pong","timestamp":1771737132}
[1771737157] SENT: {"command":"pong","timestamp":1771737157}
[1771737182] SENT: {"command":"pong","timestamp":1771737182}
